[35m[Appium][39m Welcome to Appium v1.17.0
[35m[Appium][39m Non-default server args:
[35m[Appium][39m   port: 59255
[35m[Appium][39m   loglevel: info
[35m[Appium][39m   tmpDir: C:\Users\ELIZAB~1\AppData\Local\Temp\\Katalon\Appium\Temp1588262440290
[35m[Appium][39m   chromedriverPort: 59256
[35m[Appium][39m Deprecated server args:
[35m[Appium][39m   [31m--chromedriver-port[39m => --default-capabilities '{"chromedriverPort":59256}'
[35m[Appium][39m Default capabilities, which will be added to each request unless overridden by desired capabilities:
[35m[Appium][39m   chromedriverPort: 59256
[35m[Appium][39m Appium REST http interface listener started on 0.0.0.0:59255
[35m[HTTP][39m [37m-->[39m [37mGET[39m [37m/wd/hub/status[39m
[35m[HTTP][39m [90m{}[39m
[35m[HTTP][39m [37m<-- GET /wd/hub/status [39m[32m200[39m [90m8 ms - 68[39m
[35m[HTTP][39m [90m[39m
[35m[HTTP][39m [37m-->[39m [37mGET[39m [37m/wd/hub/status[39m
[35m[HTTP][39m [90m{}[39m
[35m[HTTP][39m [37m<-- GET /wd/hub/status [39m[32m200[39m [90m2 ms - 68[39m
[35m[HTTP][39m [90m[39m
[35m[HTTP][39m [37m-->[39m [37mPOST[39m [37m/wd/hub/session[39m
[35m[HTTP][39m [90m{"desiredCapabilities":{"app":"C:\\Users\\Elizabeth\\Downloads\\com.prankapps.prankchat (1).apk","noReset":true,"deviceName":"samsung SM-J730FM (Android 9)","fullReset":false,"platform":"ANDROID","newCommandTimeout":1800,"platformVersion":"9","automationName":"uiautomator2","autoGrantPermissions":true,"platformName":"Android","udid":"52009fdcecb1a4cf","systemPort":59262},"capabilities":{"firstMatch":[{"appium:app":"C:\\Users\\Elizabeth\\Downloads\\com.prankapps.prankchat (1).apk","appium:autoGrantPermissions":true,"appium:automationName":"uiautomator2","appium:deviceName":"samsung SM-J730FM (Android 9)","appium:fullReset":false,"appium:newCommandTimeout":1800,"appium:noReset":true,"platform":"ANDROID","platformName":"android","appium:platformVersion":"9","appium:systemPort":59262,"appium:udid":"52009fdcecb1a4cf"}]}}[39m
[35m[BaseDriver][39m The following capabilities are not standard capabilities and should have an extension prefix:
[35m[BaseDriver][39m   platform
[35m[BaseDriver][39m   chromedriverPort
[35m[Appium][39m Appium v1.17.0 creating new AndroidUiautomator2Driver (v1.44.2) session
[35m[BaseDriver][39m The following capabilities were provided, but are not recognized by Appium:
[35m[BaseDriver][39m   platform
[35m[BaseDriver][39m Session created with session id: edb3993d-f1fb-490a-882e-d99c0c526a9f
[35m[BaseDriver][39m Using local app 'C:\Users\Elizabeth\Downloads\com.prankapps.prankchat (1).apk'
[35m[ADB][39m Found 1 'build-tools' folders under 'C:\Users\Elizabeth\.katalon\tools\android_sdk' (newest first):
[35m[ADB][39m     C:/Users/Elizabeth/.katalon/tools/android_sdk/build-tools/29.0.3
[35m[ADB][39m Using 'adb.exe' from 'C:\Users\Elizabeth\.katalon\tools\android_sdk\platform-tools\adb.exe'
[35m[AndroidDriver][39m Retrieving device list
[35m[AndroidDriver][39m Using device: 52009fdcecb1a4cf
[35m[ADB][39m Using 'adb.exe' from 'C:\Users\Elizabeth\.katalon\tools\android_sdk\platform-tools\adb.exe'
[35m[ADB][39m Getting device platform version
[35m[UiAutomator2][39m Relaxing hidden api policy
[35m[ADB][39m Package name: 'com.prankapps.prankchat'
[35m[ADB][39m Main activity name: 'crc64eeb49a0a893e631d.SplashScreen'
[35m[ADB][39m Using 'apksigner.jar' from 'C:\Users\Elizabeth\.katalon\tools\android_sdk\build-tools\29.0.3\lib\apksigner.jar'
[35m[UiAutomator2][39m Server packages are not going to be (re)installed
[35m[UiAutomator2][39m Starting UIAutomator2 server 4.5.5
[35m[UiAutomator2][39m Using UIAutomator2 server from 'C:\Users\Elizabeth\AppData\Local\Programs\Appium\resources\app\node_modules\appium\node_modules\appium-uiautomator2-server\apks\appium-uiautomator2-server-v4.5.5.apk' and test from 'C:\Users\Elizabeth\AppData\Local\Programs\Appium\resources\app\node_modules\appium\node_modules\appium-uiautomator2-server\apks\appium-uiautomator2-server-debug-androidTest.apk'
[35m[UiAutomator2][39m Waiting up to 30000ms for UiAutomator2 to be online...
[35m[WD Proxy][39m Got response with unknown status: {"code":"ECONNRESET"}
[35m[WD Proxy][39m Got response with unknown status: {"code":"ECONNRESET"}
[35m[WD Proxy][39m Got response with unknown status: {"code":"ECONNRESET"}
[35m[WD Proxy][39m Got response with unknown status: {"code":"ECONNRESET"}
[35m[WD Proxy][39m Determined the downstream protocol as 'W3C'
[35m[AndroidDriver][39m Screen already unlocked, doing nothing
[35m[UiAutomator2][39m Starting 'com.prankapps.prankchat/crc64eeb49a0a893e631d.SplashScreen and waiting for 'com.prankapps.prankchat/crc64eeb49a0a893e631d.SplashScreen'
[35m[Appium][39m New AndroidUiautomator2Driver session created successfully, session edb3993d-f1fb-490a-882e-d99c0c526a9f added to master session list
[35m[HTTP][39m [37m<-- POST /wd/hub/session [39m[32m200[39m [90m17421 ms - 1306[39m
[35m[HTTP][39m [90m[39m
[35m[HTTP][39m [37m-->[39m [37mGET[39m [37m/wd/hub/session/edb3993d-f1fb-490a-882e-d99c0c526a9f[39m
[35m[HTTP][39m [90m{}[39m
[35m[HTTP][39m [37m<-- GET /wd/hub/session/edb3993d-f1fb-490a-882e-d99c0c526a9f [39m[32m200[39m [90m23 ms - 1238[39m
[35m[HTTP][39m [90m[39m
[35m[HTTP][39m [37m-->[39m [37mGET[39m [37m/wd/hub/session/edb3993d-f1fb-490a-882e-d99c0c526a9f[39m
[35m[HTTP][39m [90m{}[39m
[35m[HTTP][39m [37m<-- GET /wd/hub/session/edb3993d-f1fb-490a-882e-d99c0c526a9f [39m[32m200[39m [90m23 ms - 1238[39m
[35m[HTTP][39m [90m[39m
[35m[HTTP][39m [37m-->[39m [37mGET[39m [37m/wd/hub/status[39m
[35m[HTTP][39m [90m{}[39m
[35m[HTTP][39m [37m<-- GET /wd/hub/status [39m[32m200[39m [90m1 ms - 68[39m
[35m[HTTP][39m [90m[39m
[35m[HTTP][39m [37m-->[39m [37mPOST[39m [37m/wd/hub/session/edb3993d-f1fb-490a-882e-d99c0c526a9f/timeouts[39m
[35m[HTTP][39m [90m{"implicit":60000}[39m
[35m[HTTP][39m [37m<-- POST /wd/hub/session/edb3993d-f1fb-490a-882e-d99c0c526a9f/timeouts [39m[32m200[39m [90m8 ms - 14[39m
[35m[HTTP][39m [90m[39m
[35m[HTTP][39m [37m-->[39m [37mGET[39m [37m/wd/hub/session/edb3993d-f1fb-490a-882e-d99c0c526a9f/source[39m
[35m[HTTP][39m [90m{}[39m
[35m[W3C (edb3993d)][39m Driver proxy active, passing request on via HTTP proxy
[35m[WD Proxy][39m Replacing sessionId 0d9dd67b-db50-401b-945f-51a67f1e0832 with edb3993d-f1fb-490a-882e-d99c0c526a9f
[35m[HTTP][39m [37m<-- GET /wd/hub/session/edb3993d-f1fb-490a-882e-d99c0c526a9f/source [39m[32m200[39m [90m183 ms - 2797[39m
[35m[HTTP][39m [90m[39m
[35m[HTTP][39m [37m-->[39m [37mGET[39m [37m/wd/hub/session/edb3993d-f1fb-490a-882e-d99c0c526a9f/screenshot[39m
[35m[HTTP][39m [90m{}[39m
[35m[HTTP][39m [37m<-- GET /wd/hub/session/edb3993d-f1fb-490a-882e-d99c0c526a9f/screenshot [39m[32m200[39m [90m1122 ms - 63570[39m
[35m[HTTP][39m [90m[39m
[35m[HTTP][39m [37m-->[39m [37mGET[39m [37m/wd/hub/session/edb3993d-f1fb-490a-882e-d99c0c526a9f/source[39m
[35m[HTTP][39m [90m{}[39m
[35m[W3C (edb3993d)][39m Driver proxy active, passing request on via HTTP proxy
[35m[WD Proxy][39m Replacing sessionId 0d9dd67b-db50-401b-945f-51a67f1e0832 with edb3993d-f1fb-490a-882e-d99c0c526a9f
[35m[HTTP][39m [37m<-- GET /wd/hub/session/edb3993d-f1fb-490a-882e-d99c0c526a9f/source [39m[32m200[39m [90m518 ms - 12970[39m
[35m[HTTP][39m [90m[39m
[35m[HTTP][39m [37m-->[39m [37mGET[39m [37m/wd/hub/session/edb3993d-f1fb-490a-882e-d99c0c526a9f/screenshot[39m
[35m[HTTP][39m [90m{}[39m
[35m[HTTP][39m [37m<-- GET /wd/hub/session/edb3993d-f1fb-490a-882e-d99c0c526a9f/screenshot [39m[32m200[39m [90m1050 ms - 128968[39m
[35m[HTTP][39m [90m[39m
[35m[HTTP][39m [37m-->[39m [37mGET[39m [37m/wd/hub/session/edb3993d-f1fb-490a-882e-d99c0c526a9f/window/rect[39m
[35m[HTTP][39m [90m{}[39m
[35m[HTTP][39m [37m<-- GET /wd/hub/session/edb3993d-f1fb-490a-882e-d99c0c526a9f/window/rect [39m[32m200[39m [90m43 ms - 50[39m
[35m[HTTP][39m [90m[39m
[35m[HTTP][39m [37m-->[39m [37mPOST[39m [37m/wd/hub/session/edb3993d-f1fb-490a-882e-d99c0c526a9f/elements[39m
[35m[HTTP][39m [90m{"using":"xpath","value":"//hierarchy/android.widget.FrameLayout[1]/android.widget.LinearLayout[1]/android.widget.FrameLayout[1]/android.widget.LinearLayout[1]/android.widget.FrameLayout[1]/android.widget.RelativeLayout[1]/android.widget.LinearLayout[1]/android.widget.FrameLayout[1]/android.widget.EditText[1]"}[39m
[35m[HTTP][39m [37m<-- POST /wd/hub/session/edb3993d-f1fb-490a-882e-d99c0c526a9f/elements [39m[32m200[39m [90m654 ms - 139[39m
[35m[HTTP][39m [90m[39m
[35m[HTTP][39m [37m-->[39m [37mGET[39m [37m/wd/hub/session/edb3993d-f1fb-490a-882e-d99c0c526a9f/element/316900b7-e19b-4453-9f2f-deb46db8d3ee/location[39m
[35m[HTTP][39m [90m{}[39m
[35m[W3C (edb3993d)][39m Driver proxy active, passing request on via HTTP proxy
[35m[WD Proxy][39m Replacing sessionId 0d9dd67b-db50-401b-945f-51a67f1e0832 with edb3993d-f1fb-490a-882e-d99c0c526a9f
[35m[HTTP][39m [37m<-- GET /wd/hub/session/edb3993d-f1fb-490a-882e-d99c0c526a9f/element/316900b7-e19b-4453-9f2f-deb46db8d3ee/location [39m[32m200[39m [90m37 ms - 77[39m
[35m[HTTP][39m [90m[39m
[35m[HTTP][39m [37m-->[39m [37mPOST[39m [37m/wd/hub/session/edb3993d-f1fb-490a-882e-d99c0c526a9f/element/316900b7-e19b-4453-9f2f-deb46db8d3ee/clear[39m
[35m[HTTP][39m [90m{"id":"316900b7-e19b-4453-9f2f-deb46db8d3ee"}[39m
[35m[HTTP][39m [37m<-- POST /wd/hub/session/edb3993d-f1fb-490a-882e-d99c0c526a9f/element/316900b7-e19b-4453-9f2f-deb46db8d3ee/clear [39m[32m200[39m [90m66 ms - 14[39m
[35m[HTTP][39m [90m[39m
[35m[HTTP][39m [37m-->[39m [37mPOST[39m [37m/wd/hub/session/edb3993d-f1fb-490a-882e-d99c0c526a9f/element/316900b7-e19b-4453-9f2f-deb46db8d3ee/value[39m
[35m[HTTP][39m [90m{"id":"316900b7-e19b-4453-9f2f-deb46db8d3ee","text":"test","value":["t","e","s","t"]}[39m
[35m[HTTP][39m [37m<-- POST /wd/hub/session/edb3993d-f1fb-490a-882e-d99c0c526a9f/element/316900b7-e19b-4453-9f2f-deb46db8d3ee/value [39m[32m200[39m [90m1053 ms - 14[39m
[35m[HTTP][39m [90m[39m
[35m[HTTP][39m [37m-->[39m [37mGET[39m [37m/wd/hub/session/edb3993d-f1fb-490a-882e-d99c0c526a9f/source[39m
[35m[HTTP][39m [90m{}[39m
[35m[W3C (edb3993d)][39m Driver proxy active, passing request on via HTTP proxy
[35m[WD Proxy][39m Replacing sessionId 0d9dd67b-db50-401b-945f-51a67f1e0832 with edb3993d-f1fb-490a-882e-d99c0c526a9f
[35m[HTTP][39m [37m<-- GET /wd/hub/session/edb3993d-f1fb-490a-882e-d99c0c526a9f/source [39m[32m200[39m [90m327 ms - 12954[39m
[35m[HTTP][39m [90m[39m
[35m[HTTP][39m [37m-->[39m [37mGET[39m [37m/wd/hub/session/edb3993d-f1fb-490a-882e-d99c0c526a9f/screenshot[39m
[35m[HTTP][39m [90m{}[39m
[35m[HTTP][39m [37m<-- GET /wd/hub/session/edb3993d-f1fb-490a-882e-d99c0c526a9f/screenshot [39m[32m200[39m [90m1083 ms - 131036[39m
[35m[HTTP][39m [90m[39m
[35m[HTTP][39m [37m-->[39m [37mDELETE[39m [37m/wd/hub/session/edb3993d-f1fb-490a-882e-d99c0c526a9f[39m
[35m[HTTP][39m [90m{}[39m
[35m[Appium][39m Removing session edb3993d-f1fb-490a-882e-d99c0c526a9f from our master session list
[35m[UiAutomator2][39m Restoring hidden api policy to the device default configuration
[35m[HTTP][39m [37m<-- DELETE /wd/hub/session/edb3993d-f1fb-490a-882e-d99c0c526a9f [39m[32m200[39m [90m696 ms - 14[39m
[35m[HTTP][39m [90m[39m
